c:\users\mrl-ssl1\appdata\local\microsoft\windows\wer\reportarchive\appcrash_cl.exe_25334e2f31e066aad3c56c96eb378780a946d3a9_0f6f8401\report.wer
c:\users\mrl-ssl1\documents\visual studio 2013\projects\amp\amp\debug\vc120.pdb
c:\users\mrl-ssl1\documents\visual studio 2013\projects\amp\amp\debug\vc120.idb
c:\users\mrl-ssl1\documents\visual studio 2013\projects\amp\amp\debug\main.obj
c:\users\mrl-ssl1\documents\visual studio 2013\projects\amp\amp\debug\matrix.obj
c:\users\mrl-ssl1\desktop\amp\amp\debug\vc120.pdb
c:\users\mrl-ssl1\desktop\amp\amp\debug\vc120.idb
c:\users\mrl-ssl1\desktop\amp\amp\debug\matrix.obj
c:\users\mrl-ssl1\desktop\amp\amp\debug\main.obj
c:\users\mrl-ssl1\documents\visual studio 2013\projects\amp\debug\amp.ilk
c:\users\mrl-ssl1\documents\visual studio 2013\projects\amp\debug\amp.exe
c:\users\mrl-ssl1\documents\visual studio 2013\projects\amp\debug\amp.pdb
c:\users\mrl-ssl1\desktop\amp\debug\amp.ilk
c:\users\mrl-ssl1\desktop\amp\debug\amp.exe
c:\users\mrl-ssl1\desktop\amp\debug\amp.pdb
c:\users\mrl-ssl1\desktop\amp\amp\debug\amp.tlog\cl-dw20-dwwin.read.2.tlog
c:\users\mrl-ssl1\desktop\amp\amp\debug\amp.tlog\cl-dw20-dwwin.read.4.tlog
c:\users\mrl-ssl1\desktop\amp\amp\debug\amp.tlog\cl-dw20-dwwin.write.2.tlog
c:\users\mrl-ssl1\desktop\amp\amp\debug\amp.tlog\cl-dw20.read.1.tlog
c:\users\mrl-ssl1\desktop\amp\amp\debug\amp.tlog\cl.command.1.tlog
c:\users\mrl-ssl1\desktop\amp\amp\debug\amp.tlog\cl.read.1.tlog
c:\users\mrl-ssl1\desktop\amp\amp\debug\amp.tlog\cl.read.2.tlog
c:\users\mrl-ssl1\desktop\amp\amp\debug\amp.tlog\cl.read.3.tlog
c:\users\mrl-ssl1\desktop\amp\amp\debug\amp.tlog\cl.read.4.tlog
c:\users\mrl-ssl1\desktop\amp\amp\debug\amp.tlog\cl.read.5.tlog
c:\users\mrl-ssl1\desktop\amp\amp\debug\amp.tlog\cl.write.1.tlog
c:\users\mrl-ssl1\desktop\amp\amp\debug\amp.tlog\cl.write.2.tlog
c:\users\mrl-ssl1\desktop\amp\amp\debug\amp.tlog\cl.write.3.tlog
c:\users\mrl-ssl1\desktop\amp\amp\debug\amp.tlog\cl.write.4.tlog
c:\users\mrl-ssl1\desktop\amp\amp\debug\amp.tlog\cl.write.5.tlog
c:\users\mrl-ssl1\desktop\amp\amp\debug\amp.tlog\link.command.1.tlog
c:\users\mrl-ssl1\desktop\amp\amp\debug\amp.tlog\link.read.1.tlog
c:\users\mrl-ssl1\desktop\amp\amp\debug\amp.tlog\link.write.1.tlog
